Сборка начата 13.12.2024 17:40:38.
Уровень детализации журнала: Normal.     1>Проект "C:\Users\user\Documents\SE_K_KVV-2024_comp\SE_K_KVV-2024_comp\SE_K_KVV-2024_comp\SE_K_KVV-2024_comp.vcxproj" в узле 2 (целевые объекты Build).
     1>PrepareForBuild:
         Структурированный вывод включен. Форматирование диагностики компилятора будет отражать иерархию ошибок. Подробнее см. https://aka.ms/cpp/structured-output.
       InitializeBuildStatus:
         Создание "Debug\SE_K_KVV.9980ceef.tlog\unsuccessfulbuild", так как было задано "AlwaysCreate".
         Обращение к "Debug\SE_K_KVV.9980ceef.tlog\unsuccessfulbuild".
       ClCompile:
         C:\Program Files\Microsoft Visual Studio\2022\Community\VC\Tools\MSVC\14.42.34433\bin\HostX86\x86\CL.exe /c /ZI /JMC /nologo /W3 /WX- /diagnostics:column /sdl /Od /Oy- /D WIN32 /D _DEBUG /D _CONSOLE /D _UNICODE /D UNICODE /Gm- /EHsc /RTC1 /MDd /GS /fp:precise /Zc:wchar_t /Zc:forScope /Zc:inline /permissive- /Fo"Debug\\" /Fd"Debug\vc143.pdb" /external:W3 /Gd /TP /analyze- /FC /errorReport:prompt Error.cpp FST.cpp IT.cpp In.cpp LT.cpp Log.cpp MFST.cpp Out.cpp PLN.cpp Parm.cpp main.cpp
         Error.cpp
         FST.cpp
     1>C:\Users\user\Documents\SE_K_KVV-2024_comp\SE_K_KVV-2024_comp\SE_K_KVV-2024_comp\FST.cpp(61,17): warning C4267: инициализация: преобразование из "size_t" в "short"; возможна потеря данных
         IT.cpp
         In.cpp
         LT.cpp
         Log.cpp
     1>C:\Users\user\Documents\SE_K_KVV-2024_comp\SE_K_KVV-2024_comp\SE_K_KVV-2024_comp\Log.cpp(139,21): warning C4018: >: несоответствие типов со знаком и без знака
         MFST.cpp
     1>C:\Users\user\Documents\SE_K_KVV-2024_comp\SE_K_KVV-2024_comp\SE_K_KVV-2024_comp\MFST.cpp(244,72): warning C4267: =: преобразование из "size_t" в "short"; возможна потеря данных
         Out.cpp
         PLN.cpp
         Parm.cpp
         main.cpp
         Создание кода...
       Link:
         C:\Program Files\Microsoft Visual Studio\2022\Community\VC\Tools\MSVC\14.42.34433\bin\HostX86\x86\link.exe /ERRORREPORT:PROMPT /OUT:"C:\Users\user\Documents\SE_K_KVV-2024_comp\SE_K_KVV-2024_comp\Debug\SE_K_KVV-2024_comp.exe" /INCREMENTAL /ILK:"Debug\SE_K_KVV-2024_comp.ilk" /NOLOGO kernel32.lib user32.lib gdi32.lib winspool.lib comdlg32.lib advapi32.lib shell32.lib ole32.lib oleaut32.lib uuid.lib odbc32.lib odbccp32.lib /MANIFEST /MANIFESTUAC:"level='asInvoker' uiAccess='false'" /manifest:embed /DEBUG /PDB:"C:\Users\user\Documents\SE_K_KVV-2024_comp\SE_K_KVV-2024_comp\Debug\SE_K_KVV-2024_comp.pdb" /SUBSYSTEM:CONSOLE /TLBID:1 /DYNAMICBASE /NXCOMPAT /IMPLIB:"C:\Users\user\Documents\SE_K_KVV-2024_comp\SE_K_KVV-2024_comp\Debug\SE_K_KVV-2024_comp.lib" /MACHINE:X86 Debug\Error.obj
         Debug\FST.obj
         Debug\GRB.obj
         Debug\In.obj
         Debug\IT.obj
         Debug\Log.obj
         Debug\LT.obj
         Debug\main.obj
         Debug\MFST.obj
         Debug\Out.obj
         Debug\Parm.obj
         Debug\PLN.obj
         SE_K_KVV-2024_comp.vcxproj -> C:\Users\user\Documents\SE_K_KVV-2024_comp\SE_K_KVV-2024_comp\Debug\SE_K_KVV-2024_comp.exe
       FinalizeBuildStatus:
         Файл "Debug\SE_K_KVV.9980ceef.tlog\unsuccessfulbuild" удаляется.
         Обращение к "Debug\SE_K_KVV.9980ceef.tlog\SE_K_KVV-2024_comp.lastbuildstate".
     1>Сборка проекта "C:\Users\user\Documents\SE_K_KVV-2024_comp\SE_K_KVV-2024_comp\SE_K_KVV-2024_comp\SE_K_KVV-2024_comp.vcxproj" завершена (целевые объекты Build).

Сборка успешно завершена.

       "C:\Users\user\Documents\SE_K_KVV-2024_comp\SE_K_KVV-2024_comp\SE_K_KVV-2024_comp\SE_K_KVV-2024_comp.vcxproj" (целевой объект Build ) (1) ->
       (Целевой объект ClCompile) -> 
         C:\Users\user\Documents\SE_K_KVV-2024_comp\SE_K_KVV-2024_comp\SE_K_KVV-2024_comp\FST.cpp(61,17): warning C4267: инициализация: преобразование из "size_t" в "short"; возможна потеря данных
         C:\Users\user\Documents\SE_K_KVV-2024_comp\SE_K_KVV-2024_comp\SE_K_KVV-2024_comp\Log.cpp(139,21): warning C4018: >: несоответствие типов со знаком и без знака
         C:\Users\user\Documents\SE_K_KVV-2024_comp\SE_K_KVV-2024_comp\SE_K_KVV-2024_comp\MFST.cpp(244,72): warning C4267: =: преобразование из "size_t" в "short"; возможна потеря данных

    Предупреждений: 3
    Ошибок: 0

Прошло времени 00:00:22.70
