Тест без ошибок 
Тест без ошибок 

--—- Протокол ——--
Дата: 15.12.24 22:48:30
--—- Параметры ——--
 -in: 	in.kvv
 -out:	in.kvv.asm
 -log:	in.kvv.log
--—- Исходные данные ——-- 
Кол-во символов:	389
Кол-во строк:   	31
Пропущенно:     	17
------Преобразованный код-------
integer function fi(integer x, integer y)
{
declare integer z;
z= x & (x|y);
return z;
} 
main
{
declare integer x;
declare bool y;
declare integer z = 45;
declare char sa;
declare char sb;
declare bool b;
b = true;
b = false;
x = 0x12Ab4;
x = 0b01;
x = 047;
y = true;
sa = '1234567890';
sb = '1234567890';
z = fi(x,z);
write 'контрольный   пример';
if (y){
read z;
}
write z;
return 0;
}


--—- Представления кода в виде лексем ——-- 

01 tfi|1|(ti|2|,ti|3|)
02 {
03 dti|4|;
04 i|4|=i|2|&(i|2||i|3|);
05 ri|4|;
06 }
07 m
08 {
09 dti|5|;
10 dti|6|;
11 dti|7|=l;
12 dti|9|;
13 dti|10|;
14 dti|11|;
15 i|11|=l;
16 i|11|=l;
17 i|5|=l;
18 i|5|=l;
19 i|5|=l;
20 i|6|=l;
21 i|9|=l;
22 i|10|=l;
23 i|7|=i|1|(i|5|,i|7|);
24 pl;
25 ?(i|6|){
26 ni|7|;
27 }
28 pi|7|;
29 rl;
30 }
--—------------------------------------------- Идентификаторы ---------------------------------------——-----------------
|  Номер  |    id    | Тип данных |     Тип     | Связь (Номер Лексема Строка) |          Видимость  | Значение ? 
-------------------------------------------------------------------------------------------------------------------------
|       1 |       fi |        int |     функция |         3        i        1  |             0GLOBAL | 
|       2 |        x |        int |    параметр |         6        i        1  |       fi -> 0GLOBAL | 
|       3 |        y |        int |    параметр |         9        i        1  |       fi -> 0GLOBAL | 
|       4 |        z |        int |  переменная |        14        i        3  |       fi -> 0GLOBAL | 
|       5 |        x |        int |  переменная |        34        i        9  |     MAIN -> 0GLOBAL | 
|       6 |        y |       bool |  переменная |        38        i       10  |     MAIN -> 0GLOBAL | 
|       7 |        z |        int |  переменная |        42        i       11  |     MAIN -> 0GLOBAL | 
|       8 |     INT0 |        int |     литерал |        44        l       11  |             0GLOBAL | 45 
|       9 |       sa |        str |  переменная |        48        i       12  |     MAIN -> 0GLOBAL | 
|      10 |       sb |        str |  переменная |        52        i       13  |     MAIN -> 0GLOBAL | 
|      11 |        b |       bool |  переменная |        56        i       14  |     MAIN -> 0GLOBAL | 
|      12 |    BOOl1 |       bool |     литерал |        60        l       15  |             0GLOBAL | 1 
|      13 |    BOOl2 |       bool |     литерал |        64        l       16  |             0GLOBAL | 0 
|      14 |     INT3 |        int |     литерал |        68        l       17  |             0GLOBAL | 76468 
|      15 |     INT4 |        int |     литерал |        72        l       18  |             0GLOBAL | 1 
|      16 |     INT5 |        int |     литерал |        76        l       19  |             0GLOBAL | 39 
|      17 |     STR6 |        str |     литерал |        84        l       21  |             0GLOBAL | 10 '1234567890' 
|      18 |     STR7 |        str |     литерал |       100        l       24  |             0GLOBAL | 20 'контрольный   пример' 
|      19 |     INT8 |        int |     литерал |       115        l       29  |             0GLOBAL | 0 
---------------------------------------------------------------------------------------------------------
 польская запись построена
 Сем анализ пройден
